app/build/intermediates/manifest_merge_blame_file/debug/manifest-merger-blame-debug-report.txt
1<?xml version="1.0" encoding="utf-8"?>
2<manifest xmlns:android="http://schemas.android.com/apk/res/android"
3    package="ru.netology.nmedia"
4    android:versionCode="1"
5    android:versionName="1.0" >
6
7    <uses-sdk
8        android:minSdkVersion="23"
8-->src\main\AndroidManifest.xml
9        android:targetSdkVersion="30" />
9-->src\main\AndroidManifest.xml
10
11    <application
11-->src\main\AndroidManifest.xml:5:5-33:19
12        android:allowBackup="true"
12-->src\main\AndroidManifest.xml:6:9-35
13        android:appComponentFactory="androidx.core.app.CoreComponentFactory"
13-->[androidx.core:core:1.3.2] AndroidManifest.xml:24:18-86
14        android:debuggable="true"
15        android:extractNativeLibs="false"
16        android:icon="@mipmap/ic_launcher"
16-->src\main\AndroidManifest.xml:7:9-43
17        android:label="@string/app_name"
17-->src\main\AndroidManifest.xml:8:9-41
18        android:roundIcon="@mipmap/ic_launcher_round"
18-->src\main\AndroidManifest.xml:9:9-54
19        android:supportsRtl="true"
19-->src\main\AndroidManifest.xml:10:9-35
20        android:testOnly="true"
21        android:theme="@style/AppTheme" >
21-->src\main\AndroidManifest.xml:11:9-40
22        <activity android:name="ru.netology.nmedia.Activity.MainActivity" >
22-->src\main\AndroidManifest.xml:13:9-19:20
22-->src\main\AndroidManifest.xml:13:19-56
23            <intent-filter>
23-->src\main\AndroidManifest.xml:14:13-18:29
24                <action android:name="android.intent.action.MAIN" />
24-->src\main\AndroidManifest.xml:15:17-69
24-->src\main\AndroidManifest.xml:15:25-66
25
26                <category android:name="android.intent.category.LAUNCHER" />
26-->src\main\AndroidManifest.xml:17:17-77
26-->src\main\AndroidManifest.xml:17:27-74
27            </intent-filter>
28        </activity>
29        <activity android:name="ru.netology.nmedia.Activity.IntentHandlerActivity" >
29-->src\main\AndroidManifest.xml:20:9-28:20
29-->src\main\AndroidManifest.xml:20:19-65
30            <intent-filter>
30-->src\main\AndroidManifest.xml:21:13-27:29
31                <action android:name="android.intent.action.SEND" />
31-->src\main\AndroidManifest.xml:22:17-69
31-->src\main\AndroidManifest.xml:22:25-66
32
33                <category android:name="android.intent.category.DEFAULT" />
33-->src\main\AndroidManifest.xml:24:17-76
33-->src\main\AndroidManifest.xml:24:27-73
34
35                <data android:mimeType="text/plain" />
35-->src\main\AndroidManifest.xml:26:17-55
35-->src\main\AndroidManifest.xml:26:23-52
36            </intent-filter>
37        </activity>
38        <activity
38-->src\main\AndroidManifest.xml:29:9-30:58
39            android:name="ru.netology.nmedia.Activity.EditPostActivity"
39-->src\main\AndroidManifest.xml:29:19-60
40            android:windowSoftInputMode="stateVisible" />
40-->src\main\AndroidManifest.xml:30:13-55
41        <activity
41-->src\main\AndroidManifest.xml:31:9-32:54
42            android:name="ru.netology.nmedia.Activity.NewPostActivity"
42-->src\main\AndroidManifest.xml:31:19-59
43            android:windowSoftInputMode="stateVisible" />
43-->src\main\AndroidManifest.xml:32:9-51
44    </application>
45
46</manifest>